<?xml version="1.0" encoding="UTF-8"?>
<testsuite xmlns:xsi="http://www.w3.org/2001/XMLSchema-instance" xsi:noNamespaceSchemaLocation="https://maven.apache.org/surefire/maven-surefire-plugin/xsd/surefire-test-report.xsd" name="pedido.CardapioTest" time="0.015" tests="10" errors="0" skipped="0" failures="0">
  <properties>
[...]
</properties>
  <testcase name="deve_lancarExcecaoAoAdicionar_ingredientes_quandoPrecoNegativoOuZero" classname="pedido.CardapioTest" time="0"/>
  <testcase name="deve_lancarExcecaoAoTentarRemover_ingredientes_inexistentes" classname="pedido.CardapioTest" time="0"/>
  <testcase name="deve_retornarValorDo_ingrediente_corretamente" classname="pedido.CardapioTest" time="0"/>
  <testcase name="deve_remover_ingredientes_corretamente" classname="pedido.CardapioTest" time="0"/>
  <testcase name="deve_lancarExcecaoAoTentarBuscarPrecoDe_ingredientes_inexistentes" classname="pedido.CardapioTest" time="0"/>
  <testcase name="deve_retornarApenas_ingredientes_queSaoDoTipoAdicionais" classname="pedido.CardapioTest" time="0.002"/>
  <testcase name="deve_atualizarPrecoDo_ingrediente_corretamente" classname="pedido.CardapioTest" time="0.003"/>
  <testcase name="deve_lancarExcecaoAoTentarAtualizar_ingredientes_inexistentes" classname="pedido.CardapioTest" time="0.002"/>
  <testcase name="deve_lancarExcecaoAoTentarAtualizar_ingredientes_quandoPrecoNegativoOuZero" classname="pedido.CardapioTest" time="0.002"/>
  <testcase name="deve_adicionar_ingredientesEPrecos_corretamente" classname="pedido.CardapioTest" time="0.003"/>
</testsuite>